OpenApiSample/build/intermediates/manifest_merge_blame_file/release/manifest-merger-blame-release-report.txt
1<?xml version="1.0" encoding="utf-8"?>
2<manifest xmlns:android="http://schemas.android.com/apk/res/android"
3    package="com.openapi.sample"
4    android:installLocation="internalOnly"
5    android:versionCode="1"
6    android:versionName="1.0" >
7
8    <uses-sdk
9        android:minSdkVersion="19"
9-->OpenApiSample_mobile\OpenApiSample\AndroidManifest.xml
10        android:targetSdkVersion="21" />
10-->[:CommExpert] AndroidManifest.xml:9:9-38
11
12    <uses-permission android:name="android.permission.INTERNET" />
12-->OpenApiSample_mobile\OpenApiSample\AndroidManifest.xml:8:5-66
12-->OpenApiSample_mobile\OpenApiSample\AndroidManifest.xml:8:22-64
13    <uses-permission android:name="android.permission.READ_EXTERNAL_STORAGE" />
13-->OpenApiSample_mobile\OpenApiSample\AndroidManifest.xml:9:5-79
13-->OpenApiSample_mobile\OpenApiSample\AndroidManifest.xml:9:22-77
14    <uses-permission android:name="android.permission.WRITE_EXTERNAL_STORAGE" />
14-->OpenApiSample_mobile\OpenApiSample\AndroidManifest.xml:10:5-80
14-->OpenApiSample_mobile\OpenApiSample\AndroidManifest.xml:10:22-78
15    <uses-permission android:name="android.permission.ACCESS_NETWORK_STATE" />
15-->OpenApiSample_mobile\OpenApiSample\AndroidManifest.xml:11:5-78
15-->OpenApiSample_mobile\OpenApiSample\AndroidManifest.xml:11:22-76
16    <uses-permission android:name="android.permission.ACCESS_WIFI_STATE" />
16-->OpenApiSample_mobile\OpenApiSample\AndroidManifest.xml:12:5-75
16-->OpenApiSample_mobile\OpenApiSample\AndroidManifest.xml:12:22-73
17    <uses-permission android:name="android.permission.READ_PHONE_STATE" />
17-->OpenApiSample_mobile\OpenApiSample\AndroidManifest.xml:13:5-74
17-->OpenApiSample_mobile\OpenApiSample\AndroidManifest.xml:13:22-72
18
19    <application
19-->OpenApiSample_mobile\OpenApiSample\AndroidManifest.xml:15:3-38:19
20        android:hardwareAccelerated="true"
20-->OpenApiSample_mobile\OpenApiSample\AndroidManifest.xml:22:9-43
21        android:icon="@drawable/ic_launcher"
21-->OpenApiSample_mobile\OpenApiSample\AndroidManifest.xml:16:8-44
22        android:label="@string/app_name"
22-->OpenApiSample_mobile\OpenApiSample\AndroidManifest.xml:17:9-41
23        android:largeHeap="true"
23-->OpenApiSample_mobile\OpenApiSample\AndroidManifest.xml:18:9-33
24        android:restoreAnyVersion="false"
24-->OpenApiSample_mobile\OpenApiSample\AndroidManifest.xml:19:9-42
25        android:restoreNeedsApplication="true"
25-->OpenApiSample_mobile\OpenApiSample\AndroidManifest.xml:20:9-47
26        android:testOnly="true"
27        android:theme="@android:style/Theme.NoTitleBar" >
27-->OpenApiSample_mobile\OpenApiSample\AndroidManifest.xml:21:9-56
28        <activity
28-->OpenApiSample_mobile\OpenApiSample\AndroidManifest.xml:23:6-36:20
29            android:name="com.openapi.sample.sampleActivity"
29-->OpenApiSample_mobile\OpenApiSample\AndroidManifest.xml:24:13-61
30            android:allowTaskReparenting="true"
30-->OpenApiSample_mobile\OpenApiSample\AndroidManifest.xml:29:4-39
31            android:alwaysRetainTaskState="true"
31-->OpenApiSample_mobile\OpenApiSample\AndroidManifest.xml:25:13-49
32            android:configChanges="keyboard|keyboardHidden|orientation|screenSize|screenLayout|uiMode"
32-->OpenApiSample_mobile\OpenApiSample\AndroidManifest.xml:26:13-103
33            android:label="@string/app_name"
33-->OpenApiSample_mobile\OpenApiSample\AndroidManifest.xml:27:13-45
34            android:launchMode="singleTask"
34-->OpenApiSample_mobile\OpenApiSample\AndroidManifest.xml:28:13-44
35            android:screenOrientation="portrait"
35-->OpenApiSample_mobile\OpenApiSample\AndroidManifest.xml:30:4-40
36            android:windowSoftInputMode="adjustPan" >
36-->OpenApiSample_mobile\OpenApiSample\AndroidManifest.xml:31:13-52
37            <intent-filter>
37-->OpenApiSample_mobile\OpenApiSample\AndroidManifest.xml:32:13-35:29
38                <action android:name="android.intent.action.MAIN" />
38-->OpenApiSample_mobile\OpenApiSample\AndroidManifest.xml:33:17-69
38-->OpenApiSample_mobile\OpenApiSample\AndroidManifest.xml:33:25-66
39
40                <category android:name="android.intent.category.LAUNCHER" />
40-->OpenApiSample_mobile\OpenApiSample\AndroidManifest.xml:34:17-77
40-->OpenApiSample_mobile\OpenApiSample\AndroidManifest.xml:34:27-74
41            </intent-filter>
42        </activity>
43    </application>
44
45</manifest>